<?xml version="1.0" encoding="UTF-8"?>
<testng-results ignored="0" total="1" passed="0" failed="1" skipped="0">
  <reporter-output>
  </reporter-output>
  <suite started-at="2022-03-14T12:31:41Z" name="Default suite" finished-at="2022-03-14T12:31:59Z" duration-ms="17650">
    <groups>
    </groups>
    <test started-at="2022-03-14T12:31:41Z" name="Default test" finished-at="2022-03-14T12:31:59Z" duration-ms="17650">
      <class name="com.crm.test.LoginTest">
        <test-method is-config="true" signature="setup()[pri:0, instance:com.crm.test.LoginTest@770d3326]" started-at="2022-03-14T12:31:41Z" name="setup" finished-at="2022-03-14T12:31:58Z" duration-ms="16744" status="PASS">
          <reporter-output>
          </reporter-output>
        </test-method> <!-- setup -->
        <test-method signature="createaccount()[pri:2, instance:com.crm.test.LoginTest@770d3326]" started-at="2022-03-14T12:31:58Z" name="createaccount" finished-at="2022-03-14T12:31:59Z" duration-ms="866" status="FAIL">
          <exception class="java.io.FileNotFoundException">
            <message>
              <![CDATA[\autoframework\src\main\resources\imghomepage18158.png (The system cannot find the path specified)]]>
            </message>
            <full-stacktrace>
              <![CDATA[java.io.FileNotFoundException: \autoframework\src\main\resources\imghomepage18158.png (The system cannot find the path specified)
at java.base/java.io.FileOutputStream.open0(Native Method)
at java.base/java.io.FileOutputStream.open(FileOutputStream.java:298)
at java.base/java.io.FileOutputStream.<init>(FileOutputStream.java:237)
at com.google.common.io.Files$FileByteSink.openStream(Files.java:192)
at com.google.common.io.Files$FileByteSink.openStream(Files.java:180)
at com.google.common.io.ByteSource.copyTo(ByteSource.java:268)
at com.google.common.io.Files.copy(Files.java:319)
at com.crm.util.takescreenshot.Getscreenshot(takescreenshot.java:24)
at com.crm.test.LoginTest.createaccount(LoginTest.java:31)
at java.base/jdk.internal.reflect.NativeMethodAccessorImpl.invoke0(Native Method)
at java.base/jdk.internal.reflect.NativeMethodAccessorImpl.invoke(NativeMethodAccessorImpl.java:62)
at java.base/jdk.internal.reflect.DelegatingMethodAccessorImpl.invoke(DelegatingMethodAccessorImpl.java:43)
at java.base/java.lang.reflect.Method.invoke(Method.java:566)
at org.testng.internal.MethodInvocationHelper.invokeMethod(MethodInvocationHelper.java:124)
at org.testng.internal.Invoker.invokeMethod(Invoker.java:583)
at org.testng.internal.Invoker.invokeTestMethod(Invoker.java:719)
at org.testng.internal.Invoker.invokeTestMethods(Invoker.java:989)
at org.testng.internal.TestMethodWorker.invokeTestMethods(TestMethodWorker.java:125)
at org.testng.internal.TestMethodWorker.run(TestMethodWorker.java:109)
at org.testng.TestRunner.privateRun(TestRunner.java:648)
at org.testng.TestRunner.run(TestRunner.java:505)
at org.testng.SuiteRunner.runTest(SuiteRunner.java:455)
at org.testng.SuiteRunner.runSequentially(SuiteRunner.java:450)
at org.testng.SuiteRunner.privateRun(SuiteRunner.java:415)
at org.testng.SuiteRunner.run(SuiteRunner.java:364)
at org.testng.SuiteRunnerWorker.runSuite(SuiteRunnerWorker.java:52)
at org.testng.SuiteRunnerWorker.run(SuiteRunnerWorker.java:84)
at org.testng.TestNG.runSuitesSequentially(TestNG.java:1208)
at org.testng.TestNG.runSuitesLocally(TestNG.java:1137)
at org.testng.TestNG.runSuites(TestNG.java:1049)
at org.testng.TestNG.run(TestNG.java:1017)
at org.testng.remote.AbstractRemoteTestNG.run(AbstractRemoteTestNG.java:115)
at org.testng.remote.RemoteTestNG.initAndRun(RemoteTestNG.java:251)
at org.testng.remote.RemoteTestNG.main(RemoteTestNG.java:77)
]]>
            </full-stacktrace>
          </exception> <!-- java.io.FileNotFoundException -->
          <reporter-output>
          </reporter-output>
        </test-method> <!-- createaccount -->
        <test-method is-config="true" signature="close()[pri:0, instance:com.crm.test.LoginTest@770d3326]" started-at="2022-03-14T12:31:59Z" name="close" finished-at="2022-03-14T12:31:59Z" duration-ms="0" status="PASS">
          <reporter-output>
          </reporter-output>
        </test-method> <!-- close -->
      </class> <!-- com.crm.test.LoginTest -->
    </test> <!-- Default test -->
  </suite> <!-- Default suite -->
</testng-results>
